Determining if the pthread_create exist failed with the following output:
Change Dir: /home/l/code/Learning/ROSTheoryandPractice/Lecture3/build/CMakeFiles/CMakeTmp

Run Build Command:"/usr/bin/make" "cmTC_56fbb/fast"
/usr/bin/make -f CMakeFiles/cmTC_56fbb.dir/build.make CMakeFiles/cmTC_56fbb.dir/build
make[1]: 进入目录“/home/l/code/Learning/ROSTheoryandPractice/Lecture3/build/CMakeFiles/CMakeTmp”
Building C object CMakeFiles/cmTC_56fbb.dir/CheckSymbolExists.c.o
/usr/bin/cc    -o CMakeFiles/cmTC_56fbb.dir/CheckSymbolExists.c.o   -c /home/l/code/Learning/ROSTheoryandPractice/Lecture3/build/CMakeFiles/CMakeTmp/CheckSymbolExists.c
Linking C executable cmTC_56fbb
/usr/bin/cmake -E cmake_link_script CMakeFiles/cmTC_56fbb.dir/link.txt --verbose=1
/usr/bin/cc      -rdynamic CMakeFiles/cmTC_56fbb.dir/CheckSymbolExists.c.o  -o cmTC_56fbb 
CMakeFiles/cmTC_56fbb.dir/CheckSymbolExists.c.o：在函数‘main’中：
CheckSymbolExists.c:(.text+0x1b)：对‘pthread_create’未定义的引用
collect2: error: ld returned 1 exit status
CMakeFiles/cmTC_56fbb.dir/build.make:97: recipe for target 'cmTC_56fbb' failed
make[1]: *** [cmTC_56fbb] Error 1
make[1]: 离开目录“/home/l/code/Learning/ROSTheoryandPractice/Lecture3/build/CMakeFiles/CMakeTmp”
Makefile:126: recipe for target 'cmTC_56fbb/fast' failed
make: *** [cmTC_56fbb/fast] Error 2

File /home/l/code/Learning/ROSTheoryandPractice/Lecture3/build/CMakeFiles/CMakeTmp/CheckSymbolExists.c:
/* */
#include <pthread.h>

int main(int argc, char** argv)
{
  (void)argv;
#ifndef pthread_create
  return ((int*)(&pthread_create))[argc];
#else
  (void)argc;
  return 0;
#endif
}

Determining if the function pthread_create exists in the pthreads failed with the following output:
Change Dir: /home/l/code/Learning/ROSTheoryandPractice/Lecture3/build/CMakeFiles/CMakeTmp

Run Build Command:"/usr/bin/make" "cmTC_fafbd/fast"
/usr/bin/make -f CMakeFiles/cmTC_fafbd.dir/build.make CMakeFiles/cmTC_fafbd.dir/build
make[1]: 进入目录“/home/l/code/Learning/ROSTheoryandPractice/Lecture3/build/CMakeFiles/CMakeTmp”
Building C object CMakeFiles/cmTC_fafbd.dir/CheckFunctionExists.c.o
/usr/bin/cc   -DCHECK_FUNCTION_EXISTS=pthread_create   -o CMakeFiles/cmTC_fafbd.dir/CheckFunctionExists.c.o   -c /usr/share/cmake-3.10/Modules/CheckFunctionExists.c
Linking C executable cmTC_fafbd
/usr/bin/cmake -E cmake_link_script CMakeFiles/cmTC_fafbd.dir/link.txt --verbose=1
/usr/bin/cc  -DCHECK_FUNCTION_EXISTS=pthread_create    -rdynamic CMakeFiles/cmTC_fafbd.dir/CheckFunctionExists.c.o  -o cmTC_fafbd -lpthreads 
/usr/bin/ld: 找不到 -lpthreads
collect2: error: ld returned 1 exit status
CMakeFiles/cmTC_fafbd.dir/build.make:97: recipe for target 'cmTC_fafbd' failed
make[1]: *** [cmTC_fafbd] Error 1
make[1]: 离开目录“/home/l/code/Learning/ROSTheoryandPractice/Lecture3/build/CMakeFiles/CMakeTmp”
Makefile:126: recipe for target 'cmTC_fafbd/fast' failed
make: *** [cmTC_fafbd/fast] Error 2


